PWM[2] MotorVoltage[0.1V] Accel[4cm/s^2] AccelAvg6 Speed[cm/s] Distance[cm] AngleZ[0.5d] VIN[0.1V] Speed/V[mm/sV] Speed[cm/s] Distance[cm] 50_values/s__ramp_offsets_up|down=2000|2500_mV__rdelta=12|14_V/s__decel=200cm/s^2
0 0 0 0 0 -1 0 77 0 0 0 
34 20 4 0 0 0 0 76 0 0 0 
34 20 32 7 2 0 0 76 9 0 0 
34 20 63 20 6 0 0 75 29 16 1 
34 20 29 25 9 0 0 76 44 16 1 
34 20 30 26 11 0 -1 76 53 16 1 
34 20 24 25 13 0 -1 76 63 16 1 
34 20 14 23 14 1 -1 76 68 16 1 
34 20 10 20 15 1 -1 76 73 11 2 
34 20 16 17 16 1 -1 76 78 11 2 
34 20 12 15 17 1 -1 76 83 11 2 
34 20 9 13 18 2 -2 76 87 16 3 
34 20 7 12 18 2 -2 76 87 16 3 
34 20 23 12 19 3 -2 76 92 16 3 
34 20 13 10 20 3 -2 76 97 18 4 
34 20 6 8 20 3 -3 76 97 18 4 
34 20 2 8 20 4 -3 76 97 18 4 
34 20 4 5 20 4 -3 76 97 19 5 
34 20 8 6 21 5 -3 76 102 19 5 
34 20 8 4 21 5 -4 76 102 21 6 
34 20 0 4 21 5 -4 76 102 21 6 
34 20 2 3 21 6 -4 76 102 21 6 
34 20 3 4 22 6 -4 76 107 20 7 
34 20 -13 2 22 7 -5 76 107 20 7 
34 20 -5 1 22 7 -5 76 107 20 7 
34 20 -8 1 22 8 -5 76 107 20 8 
34 20 4 2 22 8 -6 76 107 20 8 
34 20 -3 1 22 8 -6 76 107 20 9 
34 20 14 4 23 9 -6 75 112 20 9 
34 20 -8 1 23 9 -6 76 112 20 9 
34 20 4 1 23 10 -7 76 112 20 11 
34 20 17 4 24 10 -7 76 117 20 11 
34 20 12 4 24 11 -7 76 117 20 11 
34 20 7 5 25 11 -7 75 122 20 12 
34 20 -14 1 24 12 -8 76 117 20 12 
34 20 9 3 25 12 -8 76 122 20 12 
34 20 4 3 25 13 -8 76 122 20 13 
34 20 11 3 25 13 -8 75 122 20 13 
34 20 17 3 25 14 -9 76 122 20 14 
34 20 5 5 26 14 -9 76 126 20 14 
34 20 -5 2 26 15 -9 76 127 20 14 
34 20 8 2 26 15 -9 75 127 21 15 
34 20 16 4 27 16 -9 75 132 21 15 
34 20 -1 3 27 16 -10 75 132 20 16 
34 20 13 3 27 17 -10 76 132 20 16 
34 20 0 2 27 17 -10 76 132 20 16 
34 20 7 2 27 18 -10 75 132 21 17 
34 20 0 2 27 18 -10 75 132 21 17 
34 20 -1 1 27 19 -10 75 132 21 17 
0 0 3 1 27 20 -11 76 0 21 18 
34 20 2 0 27 20 -11 75 0 21 18 
34 20 -13 -4 26 21 -11 76 0 20 19 
34 20 -2 -7 25 21 -12 76 0 20 19 
34 20 -32 -10 23 22 -12 76 0 20 19 
34 20 -43 -21 20 22 -11 76 0 17 20 
0 0 -14 -23 17 22 -10 77 0 17 20 
0 0 -33 -26 15 23 -9 77 0 17 20 
0 0 -30 -27 12 23 -7 77 0 17 20 
0 0 -20 -25 11 23 -6 77 0 17 20 
0 0 -54 -31 7 23 -5 77 0 17 20 
0 0 -19 -31 5 24 -5 77 0 17 20 
0 0 4 -22 5 24 -5 77 0 17 20 
0 0 5 -14 5 24 -6 77 0 17 20 
0 0 3 -10 6 24 -6 77 0 17 20 
0 0 3 -6 6 24 -6 77 0 17 20 
0 0 4 -4 6 24 -6 77 0 17 20 
0 0 5 -1 7 24 -6 77 0 17 20 
0 0 5 0 7 24 -6 77 0 17 20 
0 0 3 1 7 25 -6 77 0 17 20 
0 0 0 1 8 25 -6 77 0 17 20 
0 0 1 1 8 25 -6 77 0 17 20 
0 0 2 1 8 25 -6 77 0 17 20 
0 0 1 1 8 25 -6 77 0 17 20 
0 0 0 1 8 25 -6 77 0 17 20 
PWM[2] MotorVoltage[0.1V] Accel[4cm/s^2] AccelAvg6 Speed[cm/s] Distance[cm] AngleZ[0.5d] VIN[0.1V] Speed/V[mm/sV] Speed[cm/s] Distance[cm] 50_values/s__ramp_offsets_up|down=2000|2500_mV__rdelta=12|14_V/s__decel=200cm/s^2
34 20 -1 -1 -1 -1 -1 75 0 17 0 
34 20 16 4 1 0 0 76 4 17 0 
34 20 37 13 4 0 0 76 19 17 0 
34 20 49 23 8 0 0 75 39 14 1 
34 20 45 28 11 0 0 75 53 14 1 
34 20 40 31 14 0 0 75 68 14 1 
34 20 10 26 15 0 1 76 73 14 1 
34 20 14 23 16 1 1 76 78 14 2 
34 20 12 20 17 1 1 75 83 14 2 
34 20 16 19 19 1 2 75 93 14 2 
34 20 9 16 19 2 2 75 93 19 3 
34 20 5 13 20 2 3 76 97 19 3 
34 20 5 11 20 3 3 76 97 20 4 
34 20 0 8 20 3 4 76 97 20 4 
34 20 1 6 20 3 4 76 97 20 4 
34 20 9 7 21 4 5 76 102 22 5 
34 20 8 7 22 4 5 75 107 22 5 
34 20 1 5 22 5 5 75 107 22 6 
34 20 6 6 22 5 6 75 107 22 6 
34 20 4 5 23 6 6 76 112 22 6 
34 20 2 4 23 6 7 76 112 24 7 
34 20 -5 2 23 7 7 75 112 24 7 
34 20 6 3 23 7 7 75 112 23 8 
34 20 1 2 23 7 8 75 112 23 8 
34 20 -3 1 23 8 8 75 112 23 9 
34 20 -1 1 23 8 9 76 112 23 9 
34 20 -2 0 23 9 9 76 112 23 9 
34 20 5 2 23 9 9 76 112 23 11 
34 20 -10 -2 23 10 10 75 112 23 11 
34 20 1 -1 23 10 10 75 112 22 12 
34 20 7 1 23 11 10 75 112 22 12 
34 20 -4 0 23 11 11 75 112 22 13 
34 20 6 2 24 12 11 75 117 22 13 
34 20 0 1 24 12 11 75 117 22 13 
34 20 8 3 24 13 11 75 117 21 14 
34 20 -4 2 24 13 11 75 117 21 14 
34 20 8 3 25 14 11 75 122 22 15 
34 20 2 3 25 14 12 75 122 22 15 
34 20 -4 1 25 15 12 75 122 22 15 
34 20 0 1 25 15 12 75 122 22 16 
0 0 7 2 25 15 12 76 0 22 16 
0 0 -15 -3 24 16 13 77 0 22 17 
0 0 -53 -16 20 16 13 77 0 22 17 
0 0 -91 -37 13 17 13 77 0 22 17 
0 0 -69 -46 7 17 13 77 0 22 17 
0 0 -56 -48 3 17 13 77 0 22 17 
0 0 -23 -41 1 17 13 77 0 22 17 
0 0 -9 -32 0 17 13 77 0 22 17 
0 0 17 -19 2 17 13 77 0 22 17 
0 0 13 -10 3 17 13 77 0 22 17 
0 0 4 -7 3 17 13 77 0 22 17 
0 0 -3 -6 3 17 13 77 0 22 17 
0 0 -11 -7 2 17 13 77 0 22 17 
0 0 -2 -5 2 17 13 77 0 22 17 
0 0 4 -3 3 18 13 77 0 22 17 
0 0 3 -1 3 18 13 77 0 22 17 
0 0 -1 -1 3 18 13 77 0 22 17 
0 0 -2 -1 3 18 13 77 0 22 17 
0 0 0 -1 3 18 13 77 0 22 17 
0 0 1 -1 3 18 13 77 0 22 17 
0 0 0 0 0 0 -1 77 0 22 0 
PWM[2] MotorVoltage[0.1V] Accel[4cm/s^2] AccelAvg6 Speed[cm/s] Distance[cm] AngleZ[0.5d] VIN[0.1V] Speed/V[mm/sV] Speed[cm/s] Distance[cm] 50_values/s__ramp_offsets_up|down=2000|2500_mV__rdelta=12|14_V/s__decel=200cm/s^2
34 20 0 0 0 -1 0 76 0 22 0 
38 22 0 0 0 0 -1 75 0 22 0 
42 25 65 14 4 0 -1 75 16 22 0 
46 27 47 21 7 0 -1 74 26 22 0 
50 29 57 29 11 0 0 74 37 10 1 
54 31 41 34 14 0 0 74 44 10 1 
58 33 46 37 18 0 0 74 53 22 2 
62 36 43 38 21 1 0 74 58 22 2 
66 38 28 38 24 1 0 73 63 28 3 
69 39 51 40 28 2 1 73 70 28 3 
69 39 41 40 31 2 1 73 78 33 4 
69 40 50 42 35 3 1 73 88 37 5 
69 40 31 40 37 4 2 73 93 37 5 
69 40 16 35 39 4 2 74 97 39 6 
69 39 11 31 41 5 2 73 103 42 7 
69 40 2 26 42 6 2 73 105 45 8 
69 40 16 24 43 7 3 73 108 44 9 
69 40 21 21 45 8 3 74 113 47 11 
69 40 15 18 45 9 3 74 113 47 11 
69 40 -8 16 46 10 3 73 115 47 12 
69 40 14 15 47 11 3 73 118 50 13 
69 39 10 11 47 12 3 73 118 47 14 
69 39 16 11 48 13 3 72 122 50 15 
69 39 8 8 48 13 4 72 122 45 16 
69 39 8 7 49 14 4 72 125 47 17 
69 39 6 8 49 15 4 72 125 50 18 
69 39 5 6 50 16 4 72 127 47 19 
69 39 -9 5 50 17 4 72 128 47 19 
69 39 -8 5 50 18 4 72 128 50 20 
69 39 -10 2 50 19 4 72 127 47 22 
69 39 -2 2 50 20 4 72 127 50 23 
69 39 -2 2 50 21 3 73 127 47 24 
69 39 19 4 51 22 3 73 129 52 25 
69 39 -9 -1 50 23 3 72 127 47 26 
69 39 -4 -3 49 24 3 72 125 52 27 
69 39 -21 -7 48 25 3 73 122 47 28 
69 39 -12 -5 48 26 3 73 121 52 29 
69 39 -4 -2 49 27 2 73 124 52 29 
69 39 -8 -1 49 28 2 72 125 47 30 
35 21 -10 -2 49 29 2 75 0 52 31 
34 20 -18 -4 48 30 2 75 0 50 33 
34 20 -54 -17 44 31 2 75 0 50 34 
34 20 -62 -30 39 32 2 75 0 35 35 
34 20 -62 -39 34 32 2 75 0 35 35 
34 20 -50 -41 30 33 2 74 0 32 36 
34 20 4 -35 29 34 2 74 0 32 36 
34 20 -17 -31 28 34 2 75 0 29 37 
34 20 -20 -26 26 35 2 75 0 29 37 
34 20 -10 -22 26 35 2 75 0 26 38 
34 20 -19 -19 25 36 2 75 0 26 38 
34 20 5 -16 24 36 2 75 0 25 39 
34 20 -53 -21 22 37 2 75 0 25 39 
34 20 -22 -22 20 37 2 75 0 25 39 
0 0 -37 -26 17 38 3 76 0 21 40 
0 0 -35 -29 14 38 4 76 0 21 40 
0 0 -45 -32 11 38 5 76 0 21 40 
0 0 -64 -39 7 38 7 76 0 21 40 
0 0 -45 -42 3 38 8 76 0 21 40 
0 0 -30 -40 0 38 8 76 0 10 41 
0 0 -13 -33 -1 38 9 76 0 10 41 
0 0 15 -22 -1 38 9 76 0 10 41 
0 0 11 -13 0 38 9 76 0 10 41 
0 0 9 -7 1 38 9 76 0 10 41 
0 0 -1 -5 1 38 9 76 0 10 41 
0 0 -6 -5 1 38 9 76 0 10 41 
0 0 -7 -6 0 38 9 76 0 10 41 
0 0 5 -3 1 39 9 76 0 10 41 
0 0 4 -1 1 39 9 76 0 10 41 
0 0 -1 -1 1 39 9 76 0 10 41 
0 0 -1 -1 1 39 9 76 0 10 41 
0 0 2 0 1 39 9 76 0 10 41 
0 0 0 0 1 39 9 76 0 10 41 
0 0 -1 0 1 39 9 76 0 10 41 
PWM[2] MotorVoltage[0.1V] Accel[4cm/s^2] AccelAvg6 Speed[cm/s] Distance[cm] AngleZ[0.5d] VIN[0.1V] Speed/V[mm/sV] Speed[cm/s] Distance[cm] 50_values/s__ramp_offsets_up|down=2000|2500_mV__rdelta=12|14_V/s__decel=200cm/s^2
69 37 0 0 0 -1 -1 69 0 10 0 
69 38 3 0 0 0 -1 70 0 30 1 
69 38 49 13 4 0 -1 71 10 30 1 
69 39 45 22 7 0 -1 72 18 27 2 
69 39 35 26 10 0 -1 72 25 27 2 
69 39 42 30 13 0 -1 72 33 34 3 
69 39 51 36 17 0 -1 72 43 37 4 
69 39 46 39 21 1 -1 71 54 37 4 
69 39 39 39 24 1 -1 71 62 37 5 
69 38 39 39 27 2 -1 71 70 40 6 
69 38 38 39 30 2 -1 71 77 40 6 
69 39 38 39 34 3 -2 72 87 40 7 
69 39 36 38 36 4 -2 72 92 40 8 
69 39 31 36 39 4 -2 72 100 40 9 
69 39 21 33 40 5 -2 71 103 45 11 
69 39 17 28 42 6 -2 72 108 45 11 
69 39 21 26 44 7 -2 72 112 44 12 
69 39 13 23 45 8 -3 72 114 45 13 
69 39 15 20 46 9 -3 73 117 47 14 
69 39 17 19 47 10 -3 73 119 50 15 
69 39 13 17 48 10 -3 72 123 47 16 
69 39 2 13 48 11 -4 72 122 50 17 
69 39 -1 9 48 12 -4 72 122 50 17 
69 39 5 8 49 13 -4 72 125 47 18 
69 39 11 8 50 14 -4 72 128 47 19 
69 39 14 10 51 15 -5 72 130 47 20 
69 39 1 7 51 16 -5 72 130 47 22 
69 39 10 8 52 17 -5 72 132 50 23 
69 39 1 7 52 18 -5 72 134 47 24 
69 39 9 8 53 19 -6 72 136 47 25 
69 39 3 6 53 20 -6 72 136 50 26 
69 39 3 5 53 22 -6 72 135 50 27 
69 39 -5 2 53 23 -6 72 136 50 27 
69 39 -5 0 53 24 -7 71 137 50 28 
69 39 -12 -3 52 25 -7 72 134 50 29 
69 39 -2 -3 52 26 -7 73 132 47 30 
69 39 5 -1 52 27 -7 73 132 52 31 
69 39 6 1 52 28 -8 72 133 50 33 
69 39 -9 -1 52 29 -8 72 133 52 34 
69 39 1 -1 52 30 -8 72 133 47 35 
0 0 4 0 52 31 -9 75 0 52 36 
0 0 -39 -11 49 32 -9 75 0 52 36 
0 0 -74 -28 44 33 -9 76 0 34 37 
0 0 -70 -39 38 34 -8 76 0 34 37 
0 0 -78 -49 32 34 -8 76 0 34 37 
0 0 -66 -54 27 35 -8 76 0 34 37 
0 0 -77 -60 21 35 -8 76 0 34 37 
0 0 -67 -62 16 36 -7 76 0 34 37 
0 0 -68 -64 11 36 -7 76 0 34 37 
0 0 -64 -64 5 36 -7 76 0 34 37 
0 0 -58 -62 1 36 -6 76 0 34 37 
0 0 -27 -52 -1 36 -6 76 0 34 37 
0 0 7 -37 -1 36 -6 76 0 34 37 
0 0 3 -26 0 36 -6 76 0 34 37 
0 0 8 -17 0 36 -6 76 0 34 37 
0 0 9 -10 1 36 -6 76 0 34 37 
0 0 9 -5 2 36 -6 76 0 34 37 
0 0 4 -3 2 36 -6 76 0 34 37 
0 0 -2 -2 2 36 -6 76 0 34 37 
0 0 -5 -3 2 36 -6 76 0 34 37 
0 0 0 0 0 0 -1 77 0 34 0 
PWM[2] MotorVoltage[0.1V] Accel[4cm/s^2] AccelAvg6 Speed[cm/s] Distance[cm] AngleZ[0.5d] VIN[0.1V] Speed/V[mm/sV] Speed[cm/s] Distance[cm] 50_values/s__ramp_offsets_up|down=2000|2500_mV__rdelta=12|14_V/s__decel=200cm/s^2
34 19 7 1 0 0 -1 73 0 34 0 
38 22 35 9 2 0 -1 73 9 34 0 
42 24 54 24 8 0 -1 73 33 14 1 
46 26 49 31 12 0 -1 72 46 14 1 
50 28 39 35 15 0 -1 72 53 14 1 
54 30 54 39 19 0 -1 72 62 18 2 
58 32 48 41 23 1 -1 72 70 18 2 
62 35 35 40 26 1 -1 72 74 25 3 
66 37 56 43 30 2 -2 71 81 25 3 
70 39 44 43 33 3 -2 70 85 31 4 
74 41 61 44 37 3 -2 71 90 31 4 
78 43 51 43 40 4 -2 70 92 36 5 
82 45 34 40 42 5 -3 71 92 42 6 
86 47 18 39 45 6 -3 70 94 45 7 
90 50 64 42 49 7 -4 70 98 47 8 
94 51 48 40 52 8 -4 70 101 50 9 
98 53 44 39 55 9 -5 69 103 57 11 
102 56 46 38 57 10 -5 70 101 57 12 
106 58 50 39 61 11 -6 70 104 64 13 
110 60 40 37 63 12 -7 70 104 64 14 
114 62 27 37 66 13 -8 70 106 64 15 
118 64 32 35 68 15 -9 69 106 68 17 
122 65 6 35 72 16 -10 68 110 73 18 
126 67 36 37 75 18 -10 68 111 84 19 
127 68 44 39 79 19 -11 69 115 84 22 
127 69 31 39 82 21 -12 69 118 78 24 
127 69 25 35 84 22 -13 69 121 84 25 
127 69 38 33 86 24 -14 70 123 78 27 
127 69 16 31 88 26 -15 69 126 84 28 
127 69 19 29 90 28 -16 70 129 84 30 
127 70 12 27 92 29 -17 70 131 84 31 
127 70 7 23 93 31 -18 70 132 91 34 
93 53 14 17 93 33 -19 73 0 84 35 
89 51 -26 8 92 35 -21 73 0 84 37 
84 48 -40 2 91 37 -22 73 0 84 39 
80 46 -57 -11 87 38 -22 73 0 84 40 
75 44 -65 -23 83 40 -23 74 0 73 41 
71 41 -71 -33 78 42 -23 74 0 73 44 
66 38 -33 -35 75 43 -24 74 0 68 45 
62 36 -47 -37 72 45 -25 74 0 68 46 
57 33 -38 -42 68 46 -25 74 0 64 47 
53 31 -68 -46 63 47 -26 74 0 57 48 
48 28 -38 -45 60 49 -26 75 0 57 49 
44 26 -33 -44 57 50 -26 74 0 47 50 
39 23 -33 -44 53 51 -26 75 0 50 51 
35 20 -40 -46 49 52 -27 75 0 44 52 
34 20 -49 -48 45 53 -27 75 0 44 52 
34 20 -32 -48 41 54 -27 75 0 36 53 
34 20 -45 -46 38 54 -27 75 0 35 55 
34 20 -32 -42 36 55 -27 74 0 35 55 
34 20 -6 -34 35 56 -27 74 0 30 56 
34 20 -18 -31 33 56 -27 74 0 30 56 
34 20 -31 -26 32 57 -27 74 0 28 57 
34 20 5 -21 32 58 -27 74 0 28 57 
34 20 -23 -22 30 58 -27 74 0 25 58 
34 20 -8 -16 30 59 -27 75 0 25 58 
34 20 -24 -20 27 59 -27 75 0 24 59 
34 20 -43 -25 24 60 -27 75 0 24 59 
34 20 -42 -30 21 60 -26 75 0 24 59 
0 0 -11 -26 20 61 -24 75 0 22 60 
0 0 -55 -31 17 61 -23 76 0 22 60 
0 0 -32 -32 14 61 -21 76 0 22 60 
0 0 -54 -35 11 62 -20 76 0 22 60 
0 0 -65 -44 5 62 -19 76 0 22 60 
0 0 -13 -39 3 62 -19 76 0 22 60 
0 0 15 -26 4 62 -18 76 0 22 60 
0 0 11 -15 5 62 -19 76 0 22 60 
0 0 7 -9 6 62 -18 76 0 22 60 
0 0 1 -6 6 62 -18 76 0 22 60 
0 0 -10 -6 5 63 -18 76 0 22 60 
0 0 -6 -7 5 63 -18 76 0 22 60 
0 0 2 -5 5 63 -18 76 0 22 60 
0 0 2 -3 5 63 -18 76 0 22 60 
0 0 -2 -2 5 63 -18 76 0 22 60 
0 0 0 -2 5 63 -18 76 0 22 60 
0 0 -1 -1 5 63 -18 76 0 22 60 
0 0 0 -1 5 63 -18 76 0 22 60 
0 0 0 -1 5 63 -18 76 0 22 60 
0 0 0 -1 5 63 -18 76 0 22 60 
PWM[2] MotorVoltage[0.1V] Accel[4cm/s^2] AccelAvg6 Speed[cm/s] Distance[cm] AngleZ[0.5d] VIN[0.1V] Speed/V[mm/sV] Speed[cm/s] Distance[cm] 50_values/s__ramp_offsets_up|down=2000|2500_mV__rdelta=12|14_V/s__decel=200cm/s^2
127 60 1 0 0 -1 -1 60 0 0 0 
127 63 32 10 2 0 -1 64 3 44 1 
127 65 42 17 5 0 -1 66 7 40 2 
127 67 43 24 9 0 -1 67 13 64 3 
127 68 46 30 12 0 -1 68 17 64 4 
127 68 50 35 16 0 -1 68 23 78 6 
127 69 51 39 20 1 -2 69 29 78 7 
127 69 52 43 25 1 -2 70 35 78 9 
127 69 48 44 28 2 -3 70 40 78 11 
127 69 51 46 32 2 -3 70 46 91 13 
127 69 42 45 36 3 -3 70 51 84 14 
127 69 50 46 40 4 -4 70 57 91 16 
127 69 44 45 43 4 -4 70 61 84 18 
127 69 51 46 47 5 -4 70 67 84 19 
127 69 49 47 51 6 -4 69 73 84 22 
127 69 53 49 55 7 -5 70 79 91 23 
127 69 45 48 59 9 -5 69 84 91 25 
127 69 44 47 62 10 -6 70 88 100 27 
127 69 42 46 66 11 -6 69 95 91 28 
127 69 43 45 69 12 -7 69 99 91 30 
127 69 43 44 72 14 -7 69 103 91 33 
127 69 44 44 76 15 -7 70 109 78 34 
127 69 38 42 79 17 -8 69 113 91 36 
127 69 39 41 82 18 -8 69 118 78 37 
127 69 36 39 85 20 -8 69 122 100 39 
127 69 27 36 87 22 -9 69 125 84 41 
127 69 31 35 89 23 -10 69 128 91 42 
127 69 31 34 92 25 -10 69 132 91 45 
127 69 22 30 94 27 -11 69 135 91 47 
127 69 29 30 96 29 -11 69 138 91 49 
127 69 27 29 98 31 -11 69 141 91 50 
127 69 19 26 100 33 -12 70 143 100 52 
127 69 8 21 100 35 -12 69 144 100 55 
127 68 18 20 102 37 -12 68 149 91 56 
127 68 13 18 103 39 -11 68 150 100 58 
127 68 -3 12 103 41 -11 68 150 91 60 
127 68 7 10 103 43 -11 69 150 91 62 
127 68 -6 6 103 45 -10 69 149 100 63 
127 69 -8 3 102 47 -10 69 148 91 66 
127 69 -12 -1 101 49 -10 69 146 100 68 
0 0 14 3 102 51 -9 74 0 100 70 
0 0 -50 -12 98 53 -9 74 0 78 71 
0 0 -72 -28 93 55 -8 74 0 78 71 
0 0 -104 -49 85 56 -7 74 0 37 72 
0 0 -51 -50 81 58 -6 74 0 37 72 
0 0 -84 -59 74 60 -4 73 0 37 72 
0 0 -78 -64 68 61 -3 73 0 17 73 
0 0 -70 -66 63 62 -2 74 0 17 73 
0 0 -79 -69 57 63 -1 74 0 17 73 
0 0 -78 -72 51 64 1 73 0 17 73 
0 0 -83 -75 44 65 1 73 0 17 73 
0 0 -78 -76 38 66 2 73 0 17 73 
0 0 -75 -75 32 67 2 73 0 17 73 
0 0 -76 -75 26 67 3 73 0 17 73 
0 0 -74 -75 21 68 3 73 0 17 73 
0 0 -70 -73 15 68 3 73 0 17 73 
0 0 -58 -69 11 69 3 73 0 17 73 
0 0 -6 -51 10 69 3 73 0 17 73 
0 0 6 -36 11 69 3 73 0 17 73 
0 0 10 -23 12 69 3 74 0 17 73 
