PWM[2] MotorVoltage[0.1V] Accel[4cm/s^2] AccelAvg6 Speed[cm/s] Distance[cm] AngleZ[0.5d] VIN[0.1V] Speed/V[mm/sV] 50_values/s__ramp_offsets_up|down=2000|2500_mV__rdelta=12|14_V/s__decel=200cm/s^2
0 0 0 -1 0 -1 0 77 0
34 20 13 2 0 0 -1 74 0
34 20 38 11 3 0 -1 74 14
34 20 64 21 7 0 -1 74 34
34 20 41 30 11 0 -2 75 54
34 20 26 30 13 0 -2 75 64
34 20 6 26 15 0 -2 74 74
34 20 20 24 16 1 -3 74 79
34 20 15 22 18 1 -3 74 89
34 20 0 18 18 1 -4 75 88
34 20 21 16 19 2 -4 75 93
34 20 11 14 20 2 -5 75 99
34 20 16 13 21 3 -6 74 104
34 20 -14 8 20 3 -6 75 99
34 20 17 9 21 3 -7 75 104
34 20 0 7 21 4 -7 75 103
34 20 15 8 22 4 -8 75 108
34 20 -5 6 22 5 -9 74 109
34 20 11 6 23 5 -9 74 115
34 20 -14 4 23 6 -10 74 115
34 20 1 3 23 6 -10 74 115
34 20 -8 2 23 6 -11 73 115
34 20 6 3 23 7 -12 73 115
34 20 1 2 23 7 -12 74 115
34 20 -1 1 23 8 -13 73 115
34 20 -1 0 23 8 -13 73 115
34 20 -11 -1 23 9 -14 74 115
34 20 3 -1 23 9 -14 74 114
34 20 13 3 24 10 -15 74 119
34 20 1 0 23 10 -15 74 114
34 20 7 1 23 11 -16 74 114
34 20 -3 1 24 11 -16 74 119
34 20 4 2 24 12 -17 74 119
34 20 0 1 24 12 -17 75 118
34 20 1 1 24 13 -18 74 119
34 20 0 0 24 13 -18 74 119
34 20 5 1 24 14 -19 74 119
34 20 2 1 24 14 -19 75 119
34 20 7 1 24 14 -19 75 118
34 20 0 0 24 15 -20 75 119
34 20 8 2 25 15 -20 75 123
34 20 -1 0 24 16 -21 75 118
34 20 0 2 25 16 -21 74 124
34 20 0 1 25 17 -21 74 124
34 20 -1 2 25 17 -21 74 124
34 20 11 2 26 18 -22 75 128
0 0 -23 -1 25 18 -22 76 0
34 20 -2 -3 24 19 -22 74 0
34 20 -21 -7 23 19 -23 74 0
0 0 -12 -10 21 20 -23 76 0
0 0 -70 -22 17 20 -23 76 0
0 0 -86 -40 10 21 -23 76 0
0 0 -43 -44 6 21 -23 76 0
0 0 -20 -39 4 21 -23 76 0
0 0 -8 -31 4 21 -23 76 0
0 0 -4 -24 3 21 -23 76 0
0 0 3 -17 3 21 -23 76 0
0 0 7 -11 4 21 -23 76 0
0 0 6 -6 4 21 -23 76 0
0 0 3 -3 5 21 -23 76 0
0 0 -1 -2 5 21 -23 76 0
0 0 -1 -2 5 22 -23 76 0
0 0 1 -1 5 22 -23 76 0
0 0 1 -1 5 22 -23 76 0
0 0 0 -1 5 22 -23 76 0
0 0 1 0 5 22 -23 76 0
0 0 1 0 5 22 -23 76 0
0 0 0 0 5 22 -23 76 0
PWM[2] MotorVoltage[0.1V] Accel[4cm/s^2] AccelAvg6 Speed[cm/s] Distance[cm] AngleZ[0.5d] VIN[0.1V] Speed/V[mm/sV] 50_values/s__ramp_offsets_up|down=2000|2500_mV__rdelta=12|14_V/s__decel=200cm/s^2
34 20 0 0 0 0 0 74 0
34 20 4 1 0 0 -1 74 0
34 20 58 16 4 0 -1 74 19
34 20 53 26 8 0 -1 74 39
34 20 48 32 12 0 -1 74 60
34 20 34 32 15 0 -1 74 74
34 20 9 26 16 0 -1 74 79
34 20 22 25 17 1 -2 75 84
34 20 12 22 18 1 -2 74 89
34 20 11 19 19 2 -2 74 94
34 20 6 15 20 2 -2 75 99
34 20 9 13 21 2 -3 75 104
34 20 2 10 21 3 -3 75 103
34 20 5 9 21 3 -3 75 103
34 20 7 8 22 4 -3 75 108
34 20 -7 4 21 4 -3 74 104
34 20 4 4 22 4 -4 74 109
34 20 4 4 22 5 -4 75 108
34 20 5 4 22 5 -4 75 108
34 20 -4 2 22 6 -4 74 109
34 20 11 5 23 6 -5 74 114
34 20 2 4 23 7 -5 74 114
34 20 1 3 23 7 -5 74 114
34 20 2 3 24 8 -5 75 119
34 20 3 3 24 8 -5 75 119
34 20 4 3 24 9 -5 74 120
34 20 -1 2 24 9 -6 74 119
34 20 2 2 24 10 -6 74 119
34 20 -1 1 24 10 -6 74 119
34 20 -4 0 24 11 -6 74 119
34 20 7 2 25 11 -6 75 123
34 20 -5 0 24 12 -7 75 119
34 20 3 1 24 12 -7 74 119
34 20 1 1 25 13 -7 74 124
34 20 5 2 25 13 -7 74 124
34 20 -1 1 25 14 -7 74 124
34 20 6 2 25 14 -8 75 123
34 20 0 2 26 15 -8 74 129
34 20 -1 1 26 15 -8 74 130
34 20 -4 0 25 16 -8 74 125
0 0 2 0 25 16 -8 76 0
0 0 -16 -4 24 16 -8 76 0
0 0 -69 -22 19 17 -8 76 0
0 0 -90 -40 12 17 -8 76 0
0 0 -64 -47 7 17 -8 76 0
0 0 -44 -46 3 18 -8 76 0
0 0 -7 -35 3 18 -8 76 0
0 0 -4 -27 2 18 -8 76 0
0 0 5 -18 3 18 -8 76 0
0 0 4 -12 3 18 -8 76 0
0 0 -2 -9 3 18 -8 76 0
0 0 -4 -8 3 18 -8 76 0
0 0 0 -6 3 18 -8 76 0
0 0 0 -4 3 18 -8 76 0
0 0 -1 -3 3 18 -8 76 0
0 0 -1 -3 3 18 -8 76 0
0 0 -1 -2 3 18 -8 76 0
0 0 -2 -2 3 18 -8 76 0
0 0 -1 -2 3 18 -8 76 0
0 0 -1 -2 2 18 -8 76 0
PWM[2] MotorVoltage[0.1V] Accel[4cm/s^2] AccelAvg6 Speed[cm/s] Distance[cm] AngleZ[0.5d] VIN[0.1V] Speed/V[mm/sV] 50_values/s__ramp_offsets_up|down=2000|2500_mV__rdelta=12|14_V/s__decel=200cm/s^2
0 0 -1 -1 -1 -1 -1 77 0
34 20 0 0 0 -1 -1 74 0
38 22 5 0 0 0 0 74 0
42 24 72 16 4 0 -1 73 16
46 26 45 23 7 0 -1 72 26
50 28 52 31 12 0 -1 72 42
54 30 53 37 16 0 -1 72 52
58 33 42 38 19 0 -1 72 58
62 35 39 39 22 1 -1 72 62
66 37 48 41 26 1 -1 72 69
69 38 60 43 30 2 -1 71 78
69 38 50 43 33 3 -1 71 86
69 39 55 42 36 3 -1 72 92
69 39 45 39 39 4 -2 72 99
69 39 44 37 41 5 -2 72 104
69 39 25 33 43 6 -2 72 109
69 39 18 30 45 6 -2 72 116
69 39 9 26 46 7 -2 72 117
69 39 1 23 47 8 -3 72 120
69 39 5 18 48 9 -3 72 123
69 39 2 15 48 10 -3 73 122
69 39 11 13 49 11 -3 72 125
69 39 24 13 50 12 -3 73 127
69 39 26 14 51 13 -4 72 131
69 39 6 12 52 14 -4 72 134
69 39 5 8 51 15 -4 73 129
69 39 6 5 51 16 -4 72 130
69 39 2 4 51 17 -4 72 130
69 39 15 8 53 18 -5 72 135
69 39 -10 5 53 19 -5 72 135
69 39 -10 3 52 20 -5 72 132
69 39 -3 1 52 21 -5 73 132
69 39 -6 0 52 22 -6 72 132
69 39 -11 1 52 23 -6 72 133
69 39 -20 1 53 24 -6 71 137
69 38 -7 0 52 26 -7 71 135
69 38 -9 -2 52 27 -7 71 135
69 38 9 1 53 28 -7 71 137
69 38 21 4 54 29 -8 71 139
69 39 5 3 54 30 -8 72 138
69 39 3 1 53 31 -8 72 136
69 38 2 1 53 32 -8 71 137
69 39 7 1 53 33 -8 72 136
35 20 -9 0 53 34 -9 75 0
34 20 -24 -4 52 35 -9 74 0
34 20 -85 -18 48 36 -9 74 0
34 20 -69 -29 44 37 -9 74 0
34 20 -54 -36 40 38 -9 74 0
34 20 -45 -40 36 38 -9 74 0
34 20 -30 -37 33 39 -9 74 0
34 20 -5 -29 33 40 -9 73 0
0 0 -17 -26 31 40 -9 75 0
0 0 -87 -38 26 41 -9 75 0
0 0 -53 -46 21 41 -9 76 0
0 0 -75 -52 15 42 -9 76 0
0 0 -45 -52 11 42 -9 76 0
0 0 -47 -52 7 42 -9 76 0
0 0 -30 -47 5 42 -9 76 0
0 0 7 -35 4 42 -9 76 0
0 0 18 -21 6 43 -9 76 0
0 0 12 -11 7 43 -9 76 0
0 0 -4 -8 7 43 -9 76 0
0 0 -8 -8 7 43 -9 76 0
0 0 3 -6 7 43 -9 76 0
0 0 3 -3 7 43 -9 76 0
0 0 2 -2 7 43 -9 76 0
0 0 -1 -1 7 44 -9 76 0
0 0 2 -1 7 44 -9 76 0
0 0 3 0 8 44 -9 76 0
0 0 0 0 8 44 -9 76 0
PWM[2] MotorVoltage[0.1V] Accel[4cm/s^2] AccelAvg6 Speed[cm/s] Distance[cm] AngleZ[0.5d] VIN[0.1V] Speed/V[mm/sV] 50_values/s__ramp_offsets_up|down=2000|2500_mV__rdelta=12|14_V/s__decel=200cm/s^2
69 38 0 0 0 -1 0 70 0
69 38 2 0 0 0 0 70 0
69 38 58 16 5 0 -1 71 13
69 38 43 23 8 0 -1 71 20
69 38 49 31 12 0 -1 71 31
69 38 45 35 16 0 -1 71 41
69 39 46 38 19 1 -1 72 48
69 38 49 41 23 1 -1 71 59
69 38 42 41 26 1 -2 71 67
69 38 43 42 30 2 -2 71 78
69 38 46 43 33 3 -2 70 86
69 38 32 41 36 3 -3 71 93
69 38 28 37 38 4 -3 71 98
69 39 29 35 41 5 -3 72 105
69 38 25 32 43 6 -3 71 111
69 38 19 28 44 7 -3 71 114
69 39 20 26 46 7 -4 72 118
69 39 8 21 46 8 -4 72 118
69 38 9 18 47 9 -4 71 121
69 38 4 14 47 10 -4 71 121
69 38 9 12 48 11 -4 71 124
69 39 5 11 49 12 -4 72 125
69 39 7 10 49 13 -4 72 125
69 39 9 10 50 14 -4 72 128
69 39 6 9 50 15 -5 72 128
69 38 4 8 51 16 -5 71 132
69 38 1 6 51 17 -5 71 133
69 39 2 5 51 18 -5 72 131
69 39 7 5 52 19 -5 71 134
69 39 5 5 52 20 -5 73 132
69 39 1 4 52 21 -5 73 132
69 39 1 3 52 22 -5 72 133
69 39 3 3 53 23 -6 72 135
69 39 12 6 54 24 -6 73 137
69 39 1 5 54 25 -6 73 137
69 39 1 4 54 26 -6 72 138
69 39 -3 2 54 27 -7 72 138
69 39 3 2 54 28 -7 72 138
69 39 3 2 54 29 -7 72 137
69 39 2 2 54 31 -7 72 137
0 0 1 2 55 32 -7 75 0
0 0 -24 -5 53 33 -7 76 0
0 0 -81 -24 47 34 -7 76 0
0 0 -64 -36 41 35 -7 76 0
0 0 -90 -50 35 35 -7 76 0
0 0 -74 -57 29 36 -7 75 0
0 0 -70 -60 23 36 -7 76 0
0 0 -63 -61 18 37 -7 75 0
0 0 -70 -63 13 37 -7 75 0
0 0 -63 -63 8 37 -7 76 0
0 0 -61 -62 4 37 -7 75 0
0 0 -31 -53 1 38 -7 76 0
0 0 -1 -39 1 38 -7 76 0
0 0 6 -27 2 38 -7 76 0
0 0 9 -17 2 38 -7 76 0
0 0 9 -10 3 38 -7 76 0
0 0 6 -6 4 38 -7 76 0
0 0 -1 -5 4 38 -7 76 0
0 0 -4 -4 3 38 -7 76 0
0 0 -2 -4 3 38 -7 76 0
PWM[2] MotorVoltage[0.1V] Accel[4cm/s^2] AccelAvg6 Speed[cm/s] Distance[cm] AngleZ[0.5d] VIN[0.1V] Speed/V[mm/sV] 50_values/s__ramp_offsets_up|down=2000|2500_mV__rdelta=12|14_V/s__decel=200cm/s^2
0 0 -1 -1 -1 -1 -1 76 0
34 20 15 2 0 0 -1 74 0
38 22 62 17 5 0 -1 74 22
42 24 52 26 8 0 -1 73 33
46 26 50 33 13 0 -1 73 49
50 28 47 38 17 0 -1 72 60
54 30 54 42 21 1 -1 72 68
58 32 48 43 25 1 -1 71 76
62 34 38 42 28 2 -2 71 81
66 36 34 42 31 2 -2 71 84
70 39 38 42 34 3 -2 71 87
74 41 25 41 38 4 -2 71 92
78 43 22 38 40 4 -3 70 92
82 45 31 36 43 5 -3 70 95
86 47 42 36 45 6 -3 70 95
90 49 48 37 49 7 -4 70 99
94 51 26 37 52 8 -4 70 101
98 53 39 40 56 9 -5 69 105
102 55 43 41 59 10 -5 69 107
106 57 29 40 62 11 -6 68 109
110 59 35 41 65 13 -6 69 109
114 61 42 37 68 14 -6 68 111
118 63 50 39 71 15 -7 68 112
122 65 34 37 73 17 -7 68 112
126 67 25 36 76 18 -7 68 112
127 68 51 37 79 20 -7 68 115
127 68 44 38 82 21 -8 68 120
127 68 28 34 84 23 -8 69 122
127 68 37 35 87 25 -8 68 127
127 68 34 33 89 26 -9 69 129
127 68 37 33 92 28 -9 68 134
127 69 31 30 94 30 -10 69 136
127 69 14 28 95 32 -11 69 137
127 69 3 23 96 34 -11 70 137
127 69 7 19 97 36 -12 69 139
93 53 12 19 98 37 -13 72 0
89 50 -27 10 97 39 -13 71 0
84 48 -22 5 97 41 -14 72 0
80 46 -104 -15 92 43 -13 73 0
75 43 -37 -23 88 45 -13 73 0
71 41 -56 -32 84 47 -13 73 0
66 38 -73 -40 79 48 -13 73 0
62 36 -61 -42 75 50 -12 73 0
57 33 -41 -43 72 51 -12 74 0
53 31 -67 -48 67 53 -12 74 0
48 28 -48 -46 64 54 -12 73 0
44 26 -40 -48 60 55 -11 74 0
39 23 -53 -50 55 56 -11 74 0
35 20 -46 -48 52 57 -11 74 0
34 20 -55 -49 48 58 -11 74 0
34 20 -25 -46 45 59 -11 74 0
0 0 -31 -45 42 60 -11 75 0
0 0 -89 -52 37 61 -10 75 0
0 0 -67 -58 30 61 -10 75 0
0 0 -85 -63 25 62 -10 75 0
0 0 -67 -64 19 62 -10 75 0
0 0 -69 -66 14 63 -10 75 0
0 0 -33 -60 10 63 -10 75 0
0 0 -28 -51 8 63 -10 75 0
0 0 -4 -40 7 63 -10 75 0
0 0 6 -28 8 64 -10 75 0
0 0 11 -18 9 64 -10 75 0
0 0 7 -11 9 64 -10 75 0
0 0 4 -6 10 64 -10 75 0
0 0 -3 -5 10 64 -10 75 0
0 0 -5 -5 9 64 -10 75 0
0 0 -2 -5 9 65 -10 75 0
0 0 2 -3 9 65 -10 75 0
0 0 3 -1 10 65 -10 75 0
0 0 0 -1 10 65 -10 75 0
0 0 -2 -1 10 65 -10 76 0
PWM[2] MotorVoltage[0.1V] Accel[4cm/s^2] AccelAvg6 Speed[cm/s] Distance[cm] AngleZ[0.5d] VIN[0.1V] Speed/V[mm/sV] 50_values/s__ramp_offsets_up|down=2000|2500_mV__rdelta=12|14_V/s__decel=200cm/s^2
127 60 -1 -1 -1 -1 0 61 0
127 63 28 8 2 0 -1 63 3
127 65 31 14 4 0 -1 66 6
127 67 48 23 8 0 -1 67 11
127 68 53 31 12 0 -1 68 17
127 68 43 34 16 0 0 69 23
127 69 39 36 19 1 -1 69 27
127 69 57 41 23 1 -1 69 33
127 69 52 45 28 2 -1 69 40
127 69 51 47 32 2 -1 69 46
127 69 50 48 35 3 -1 69 50
127 69 49 48 39 3 -2 70 55
127 69 55 50 44 4 -2 70 63
127 69 43 48 47 5 -3 69 67
127 69 55 49 51 6 -3 69 73
127 69 45 48 55 7 -4 69 79
127 69 46 47 59 8 -4 69 85
127 69 43 46 62 10 -4 70 89
127 69 50 47 66 11 -4 69 95
127 69 48 47 70 12 -4 69 100
127 69 44 47 73 14 -5 69 105
127 69 38 45 76 15 -5 69 109
127 69 40 44 79 17 -5 69 113
127 69 41 43 83 18 -6 69 119
127 69 37 41 86 20 -6 69 124
127 69 38 40 89 22 -6 69 128
127 69 39 40 92 23 -6 69 132
127 69 28 36 94 25 -7 69 135
127 69 16 30 95 27 -7 69 136
127 69 38 32 98 29 -6 70 140
127 70 23 30 100 31 -6 70 143
127 69 -7 19 100 33 -5 70 143
127 69 23 20 102 35 -5 70 146
127 69 14 18 103 37 -4 70 148
127 69 12 16 104 39 -4 70 149
127 69 14 16 105 41 -4 70 150
127 69 15 15 106 43 -4 69 152
127 70 -7 9 105 45 -3 70 149
127 70 3 8 106 47 -3 70 151
127 69 10 8 107 49 -3 70 153
0 0 -2 5 106 51 -2 74 0
0 0 -53 -12 102 54 -2 75 0
0 0 -55 -24 98 56 -1 75 0
0 0 -95 -42 91 57 -1 75 0
0 0 -57 -47 86 59 0 75 0
0 0 -84 -57 80 61 0 75 0
0 0 -78 -62 73 62 1 75 0
0 0 -62 -63 69 64 2 75 0
0 0 -77 -66 63 65 2 75 0
0 0 -68 -67 57 66 3 75 0
0 0 -77 -70 51 67 3 75 0
0 0 -71 -70 46 68 4 75 0
0 0 -78 -72 40 69 4 75 0
0 0 -72 -72 34 70 4 75 0
0 0 -71 -72 29 70 4 75 0
0 0 -70 -71 23 71 5 75 0
0 0 -63 -69 18 71 5 75 0
0 0 -60 -66 14 72 5 75 0
0 0 -24 -55 12 72 5 75 0
0 0 9 -37 13 72 5 75 0
